<?xml version="1.0" encoding="UTF-8"?>
<testng-results total="4" passed="4" failed="0" skipped="0">
  <reporter-output>
  </reporter-output>
  <suite started-at="2022-02-19T10:02:55Z" name="Suite" finished-at="2022-02-19T10:03:49Z" duration-ms="54693">
    <groups>
    </groups>
    <test started-at="2022-02-19T10:02:55Z" name="Titletest" finished-at="2022-02-19T10:03:21Z" duration-ms="26405">
      <class name="ParentGroup.EndToEndProject.ValidateTitle">
        <test-method is-config="true" signature="initialize()[pri:0, instance:ParentGroup.EndToEndProject.ValidateTitle@4287d447]" started-at="2022-02-19T15:32:55Z" name="initialize" finished-at="2022-02-19T15:33:20Z" duration-ms="25767" status="PASS">
          <reporter-output>
          </reporter-output>
        </test-method> <!-- initialize -->
        <test-method signature="ValidateHomepageTitle()[pri:0, instance:ParentGroup.EndToEndProject.ValidateTitle@4287d447]" started-at="2022-02-19T15:33:20Z" name="ValidateHomepageTitle" finished-at="2022-02-19T15:33:21Z" duration-ms="327" status="PASS">
          <reporter-output>
          </reporter-output>
        </test-method> <!-- ValidateHomepageTitle -->
        <test-method is-config="true" signature="teardown()[pri:0, instance:ParentGroup.EndToEndProject.ValidateTitle@4287d447]" started-at="2022-02-19T15:33:21Z" name="teardown" finished-at="2022-02-19T15:33:21Z" duration-ms="310" status="PASS">
          <reporter-output>
          </reporter-output>
        </test-method> <!-- teardown -->
      </class> <!-- ParentGroup.EndToEndProject.ValidateTitle -->
    </test> <!-- Titletest -->
    <test started-at="2022-02-19T10:02:55Z" name="Headertest" finished-at="2022-02-19T10:03:21Z" duration-ms="26405">
      <class name="ParentGroup.EndToEndProject.ValidateHeaderBar">
        <test-method is-config="true" signature="initialize()[pri:0, instance:ParentGroup.EndToEndProject.ValidateHeaderBar@15515c51]" started-at="2022-02-19T15:32:55Z" name="initialize" finished-at="2022-02-19T15:33:20Z" duration-ms="25767" status="PASS">
          <reporter-output>
          </reporter-output>
        </test-method> <!-- initialize -->
        <test-method signature="ValidateHomepageTitle()[pri:0, instance:ParentGroup.EndToEndProject.ValidateHeaderBar@15515c51]" started-at="2022-02-19T15:33:20Z" name="ValidateHomepageTitle" finished-at="2022-02-19T15:33:21Z" duration-ms="293" status="PASS">
          <reporter-output>
          </reporter-output>
        </test-method> <!-- ValidateHomepageTitle -->
        <test-method is-config="true" signature="teardown()[pri:0, instance:ParentGroup.EndToEndProject.ValidateHeaderBar@15515c51]" started-at="2022-02-19T15:33:21Z" name="teardown" finished-at="2022-02-19T15:33:21Z" duration-ms="339" status="PASS">
          <reporter-output>
          </reporter-output>
        </test-method> <!-- teardown -->
      </class> <!-- ParentGroup.EndToEndProject.ValidateHeaderBar -->
    </test> <!-- Headertest -->
    <test started-at="2022-02-19T10:02:55Z" name="Homepagetest" finished-at="2022-02-19T10:03:49Z" duration-ms="54693">
      <class name="ParentGroup.EndToEndProject.HomePage">
        <test-method signature="SandboxHomePage(java.lang.String, java.lang.String, java.lang.String)[pri:0, instance:ParentGroup.EndToEndProject.HomePage@78d39a69]" started-at="2022-02-19T15:32:55Z" name="SandboxHomePage" data-provider="getdata" finished-at="2022-02-19T15:33:31Z" duration-ms="36914" status="PASS">
          <params>
            <param index="0">
              <value>
                <![CDATA[surve.prajakta915@gmail.com]]>
              </value>
            </param>
            <param index="1">
              <value>
                <![CDATA[PrajAnkur@210690]]>
              </value>
            </param>
            <param index="2">
              <value>
                <![CDATA[Restricted User]]>
              </value>
            </param>
          </params>
          <reporter-output>
          </reporter-output>
        </test-method> <!-- SandboxHomePage -->
        <test-method signature="SandboxHomePage(java.lang.String, java.lang.String, java.lang.String)[pri:0, instance:ParentGroup.EndToEndProject.HomePage@78d39a69]" started-at="2022-02-19T15:33:31Z" name="SandboxHomePage" data-provider="getdata" finished-at="2022-02-19T15:33:49Z" duration-ms="17179" status="PASS">
          <params>
            <param index="0">
              <value>
                <![CDATA[rahulshettyacademy]]>
              </value>
            </param>
            <param index="1">
              <value>
                <![CDATA[learning]]>
              </value>
            </param>
            <param index="2">
              <value>
                <![CDATA[UnRestricted User]]>
              </value>
            </param>
          </params>
          <reporter-output>
          </reporter-output>
        </test-method> <!-- SandboxHomePage -->
        <test-method is-config="true" signature="teardown()[pri:0, instance:ParentGroup.EndToEndProject.HomePage@78d39a69]" started-at="2022-02-19T15:33:49Z" name="teardown" finished-at="2022-02-19T15:33:49Z" duration-ms="592" status="PASS">
          <reporter-output>
          </reporter-output>
        </test-method> <!-- teardown -->
      </class> <!-- ParentGroup.EndToEndProject.HomePage -->
    </test> <!-- Homepagetest -->
  </suite> <!-- Suite -->
</testng-results>
