<?xml version="1.0" encoding="UTF-8"?>
<testng-results total="1" passed="1" failed="0" skipped="0">
  <reporter-output>
  </reporter-output>
  <suite started-at="2022-02-19T11:25:42Z" name="Default suite" finished-at="2022-02-19T11:25:48Z" duration-ms="6117">
    <groups>
    </groups>
    <test started-at="2022-02-19T11:25:42Z" name="Default test" finished-at="2022-02-19T11:25:48Z" duration-ms="6117">
      <class name="ParentGroup.EndToEndProject.ValidateHeaderBar">
        <test-method is-config="true" signature="initialize()[pri:0, instance:ParentGroup.EndToEndProject.ValidateHeaderBar@6063d80a]" started-at="2022-02-19T16:55:42Z" name="initialize" finished-at="2022-02-19T16:55:48Z" duration-ms="6004" status="PASS">
          <reporter-output>
          </reporter-output>
        </test-method> <!-- initialize -->
        <test-method signature="ValidateHomepageTitle()[pri:0, instance:ParentGroup.EndToEndProject.ValidateHeaderBar@6063d80a]" started-at="2022-02-19T16:55:48Z" name="ValidateHomepageTitle" finished-at="2022-02-19T16:55:48Z" duration-ms="63" status="PASS">
          <reporter-output>
          </reporter-output>
        </test-method> <!-- ValidateHomepageTitle -->
        <test-method is-config="true" signature="teardown()[pri:0, instance:ParentGroup.EndToEndProject.ValidateHeaderBar@6063d80a]" started-at="2022-02-19T16:55:48Z" name="teardown" finished-at="2022-02-19T16:55:48Z" duration-ms="40" status="PASS">
          <reporter-output>
          </reporter-output>
        </test-method> <!-- teardown -->
      </class> <!-- ParentGroup.EndToEndProject.ValidateHeaderBar -->
    </test> <!-- Default test -->
  </suite> <!-- Default suite -->
</testng-results>
